<?xml version="1.0" encoding="UTF-8"?>
<!-- Generated by org.testng.reporters.JUnitReportReporter -->
<testsuite hostname="Vinod" failures="0" tests="4" name="testCases.TC003_LoginTesttDDT" time="35.197" errors="0" timestamp="2025-09-21T20:52:56 IST" skipped="0">
  <testcase classname="testCases.TC003_LoginTesttDDT" name="loginDDT" time="11.339"/>
  <testcase classname="testCases.TC003_LoginTesttDDT" name="loginDDT" time="10.867"/>
  <testcase classname="testCases.TC003_LoginTesttDDT" name="loginDDT" time="11.239"/>
  <testcase classname="testCases.TC003_LoginTesttDDT" name="loginDDT" time="1.752"/>
</testsuite> <!-- testCases.TC003_LoginTesttDDT -->
