<?xml version="1.0" encoding="UTF-8"?>
<!-- Generated by org.testng.reporters.JUnitReportReporter -->
<testsuite hostname="Vinod" failures="0" tests="1" name="testCases.TC001_AccountRegistrationTest" time="7.972" errors="0" timestamp="2025-09-21T22:31:39 IST" skipped="0">
  <testcase classname="testCases.TC001_AccountRegistrationTest" name="registration" time="7.972"/>
</testsuite> <!-- testCases.TC001_AccountRegistrationTest -->
