<?xml version="1.0" encoding="UTF-8"?>
<!-- Generated by org.testng.reporters.JUnitReportReporter -->
<testsuite hostname="Vinod" failures="0" tests="1" name="testCases.TC002_LoginTest" time="1.987" errors="0" timestamp="2025-09-21T22:31:39 IST" skipped="0">
  <testcase classname="testCases.TC002_LoginTest" name="Verify_Login" time="1.987"/>
</testsuite> <!-- testCases.TC002_LoginTest -->
